<?xml version="1.0" encoding="UTF-8"?>
<testsuite xmlns:xsi="http://www.w3.org/2001/XMLSchema-instance" xsi:noNamespaceSchemaLocation="https://maven.apache.org/surefire/maven-surefire-plugin/xsd/surefire-test-report-3.0.xsd" version="3.0" name="org.acme.rest.GreetingResourceTest" time="2.951" tests="1" errors="0" skipped="0" failures="0">
  <properties>
    <property name="gopherProxySet" value="false"/>
    <property name="awt.toolkit" value="sun.lwawt.macosx.LWCToolkit"/>
    <property name="java.specification.version" value="11"/>
    <property name="sun.cpu.isalist" value=""/>
    <property name="test.url" value="http://0.0.0.0:8081"/>
    <property name="sun.jnu.encoding" value="UTF-8"/>
    <property name="java.class.path" value="/Users/coloneld/dev/git/sedona/apero-code/mk8s-quarkus-ac/kubernetes-quickstart/target/test-classes:/Users/coloneld/dev/git/sedona/apero-code/mk8s-quarkus-ac/kubernetes-quickstart/target/classes:/Users/coloneld/dev/repository/io/quarkus/quarkus-resteasy/1.9.0.CR1/quarkus-resteasy-1.9.0.CR1.jar:/Users/coloneld/dev/repository/io/quarkus/quarkus-vertx-http/1.9.0.CR1/quarkus-vertx-http-1.9.0.CR1.jar:/Users/coloneld/dev/repository/io/quarkus/quarkus-security-runtime-spi/1.9.0.CR1/quarkus-security-runtime-spi-1.9.0.CR1.jar:/Users/coloneld/dev/repository/io/quarkus/quarkus-development-mode-spi/1.9.0.CR1/quarkus-development-mode-spi-1.9.0.CR1.jar:/Users/coloneld/dev/repository/io/quarkus/security/quarkus-security/1.1.3.Final/quarkus-security-1.1.3.Final.jar:/Users/coloneld/dev/repository/io/smallrye/reactive/mutiny/0.9.0/mutiny-0.9.0.jar:/Users/coloneld/dev/repository/org/reactivestreams/reactive-streams/1.0.3/reactive-streams-1.0.3.jar:/Users/coloneld/dev/repository/io/quarkus/quarkus-vertx-core/1.9.0.CR1/quarkus-vertx-core-1.9.0.CR1.jar:/Users/coloneld/dev/repository/io/quarkus/quarkus-netty/1.9.0.CR1/quarkus-netty-1.9.0.CR1.jar:/Users/coloneld/dev/repository/io/netty/netty-codec/4.1.49.Final/netty-codec-4.1.49.Final.jar:/Users/coloneld/dev/repository/io/netty/netty-handler/4.1.49.Final/netty-handler-4.1.49.Final.jar:/Users/coloneld/dev/repository/io/vertx/vertx-core/3.9.3/vertx-core-3.9.3.jar:/Users/coloneld/dev/repository/io/netty/netty-common/4.1.49.Final/netty-common-4.1.49.Final.jar:/Users/coloneld/dev/repository/io/netty/netty-buffer/4.1.49.Final/netty-buffer-4.1.49.Final.jar:/Users/coloneld/dev/repository/io/netty/netty-transport/4.1.49.Final/netty-transport-4.1.49.Final.jar:/Users/coloneld/dev/repository/io/netty/netty-handler-proxy/4.1.49.Final/netty-handler-proxy-4.1.49.Final.jar:/Users/coloneld/dev/repository/io/netty/netty-codec-socks/4.1.49.Final/netty-codec-socks-4.1.49.Final.jar:/Users/coloneld/dev/repository/io/netty/netty-codec-http/4.1.49.Final/netty-codec-http-4.1.49.Final.jar:/Users/coloneld/dev/repository/io/netty/netty-codec-http2/4.1.49.Final/netty-codec-http2-4.1.49.Final.jar:/Users/coloneld/dev/repository/io/netty/netty-resolver/4.1.49.Final/netty-resolver-4.1.49.Final.jar:/Users/coloneld/dev/repository/io/netty/netty-resolver-dns/4.1.49.Final/netty-resolver-dns-4.1.49.Final.jar:/Users/coloneld/dev/repository/io/netty/netty-codec-dns/4.1.49.Final/netty-codec-dns-4.1.49.Final.jar:/Users/coloneld/dev/repository/io/vertx/vertx-web/3.9.3/vertx-web-3.9.3.jar:/Users/coloneld/dev/repository/io/vertx/vertx-web-common/3.9.3/vertx-web-common-3.9.3.jar:/Users/coloneld/dev/repository/io/vertx/vertx-auth-common/3.9.3/vertx-auth-common-3.9.3.jar:/Users/coloneld/dev/repository/io/vertx/vertx-bridge-common/3.9.3/vertx-bridge-common-3.9.3.jar:/Users/coloneld/dev/repository/io/quarkus/quarkus-resteasy-server-common/1.9.0.CR1/quarkus-resteasy-server-common-1.9.0.CR1.jar:/Users/coloneld/dev/repository/io/quarkus/quarkus-resteasy-common/1.9.0.CR1/quarkus-resteasy-common-1.9.0.CR1.jar:/Users/coloneld/dev/repository/org/jboss/resteasy/resteasy-core/4.5.8.Final/resteasy-core-4.5.8.Final.jar:/Users/coloneld/dev/repository/org/jboss/spec/javax/ws/rs/jboss-jaxrs-api_2.1_spec/2.0.1.Final/jboss-jaxrs-api_2.1_spec-2.0.1.Final.jar:/Users/coloneld/dev/repository/org/jboss/resteasy/resteasy-core-spi/4.5.8.Final/resteasy-core-spi-4.5.8.Final.jar:/Users/coloneld/dev/repository/com/ibm/async/asyncutil/0.1.0/asyncutil-0.1.0.jar:/Users/coloneld/dev/repository/com/sun/activation/jakarta.activation/1.2.1/jakarta.activation-1.2.1.jar:/Users/coloneld/dev/repository/jakarta/validation/jakarta.validation-api/2.0.2/jakarta.validation-api-2.0.2.jar:/Users/coloneld/dev/repository/io/quarkus/quarkus-junit5/1.9.0.CR1/quarkus-junit5-1.9.0.CR1.jar:/Users/coloneld/dev/repository/io/quarkus/quarkus-bootstrap-core/1.9.0.CR1/quarkus-bootstrap-core-1.9.0.CR1.jar:/Users/coloneld/dev/repository/io/quarkus/quarkus-bootstrap-app-model/1.9.0.CR1/quarkus-bootstrap-app-model-1.9.0.CR1.jar:/Users/coloneld/dev/repository/io/quarkus/quarkus-bootstrap-maven-resolver/1.9.0.CR1/quarkus-bootstrap-maven-resolver-1.9.0.CR1.jar:/Users/coloneld/dev/repository/org/apache/maven/maven-embedder/3.6.3/maven-embedder-3.6.3.jar:/Users/coloneld/dev/repository/org/apache/maven/maven-settings/3.6.3/maven-settings-3.6.3.jar:/Users/coloneld/dev/repository/org/apache/maven/maven-core/3.6.3/maven-core-3.6.3.jar:/Users/coloneld/dev/repository/org/apache/maven/maven-artifact/3.6.3/maven-artifact-3.6.3.jar:/Users/coloneld/dev/repository/org/codehaus/plexus/plexus-component-annotations/2.1.0/plexus-component-annotations-2.1.0.jar:/Users/coloneld/dev/repository/org/apache/maven/maven-plugin-api/3.6.3/maven-plugin-api-3.6.3.jar:/Users/coloneld/dev/repository/org/apache/maven/maven-model/3.6.3/maven-model-3.6.3.jar:/Users/coloneld/dev/repository/org/apache/maven/maven-model-builder/3.6.3/maven-model-builder-3.6.3.jar:/Users/coloneld/dev/repository/org/apache/maven/maven-builder-support/3.6.3/maven-builder-support-3.6.3.jar:/Users/coloneld/dev/repository/org/apache/maven/resolver/maven-resolver-api/1.4.1/maven-resolver-api-1.4.1.jar:/Users/coloneld/dev/repository/org/apache/maven/resolver/maven-resolver-util/1.4.1/maven-resolver-util-1.4.1.jar:/Users/coloneld/dev/repository/org/apache/maven/shared/maven-shared-utils/3.2.1/maven-shared-utils-3.2.1.jar:/Users/coloneld/dev/repository/commons-io/commons-io/2.8.0/commons-io-2.8.0.jar:/Users/coloneld/dev/repository/com/google/inject/guice/4.2.1/guice-4.2.1-no_aop.jar:/Users/coloneld/dev/repository/com/google/guava/guava/29.0-jre/guava-29.0-jre.jar:/Users/coloneld/dev/repository/com/google/guava/failureaccess/1.0.1/failureaccess-1.0.1.jar:/Users/coloneld/dev/repository/com/google/guava/listenablefuture/9999.0-empty-to-avoid-conflict-with-guava/listenablefuture-9999.0-empty-to-avoid-conflict-with-guava.jar:/Users/coloneld/dev/repository/org/codehaus/plexus/plexus-utils/3.2.1/plexus-utils-3.2.1.jar:/Users/coloneld/dev/repository/org/codehaus/plexus/plexus-classworlds/2.5.2/plexus-classworlds-2.5.2.jar:/Users/coloneld/dev/repository/commons-cli/commons-cli/1.4/commons-cli-1.4.jar:/Users/coloneld/dev/repository/org/eclipse/sisu/org.eclipse.sisu.plexus/0.3.4/org.eclipse.sisu.plexus-0.3.4.jar:/Users/coloneld/dev/repository/org/apache/maven/maven-settings-builder/3.6.3/maven-settings-builder-3.6.3.jar:/Users/coloneld/dev/repository/org/codehaus/plexus/plexus-interpolation/1.25/plexus-interpolation-1.25.jar:/Users/coloneld/dev/repository/org/sonatype/plexus/plexus-sec-dispatcher/1.4/plexus-sec-dispatcher-1.4.jar:/Users/coloneld/dev/repository/org/sonatype/plexus/plexus-cipher/1.4/plexus-cipher-1.4.jar:/Users/coloneld/dev/repository/org/apache/maven/maven-resolver-provider/3.6.3/maven-resolver-provider-3.6.3.jar:/Users/coloneld/dev/repository/org/apache/maven/maven-repository-metadata/3.6.3/maven-repository-metadata-3.6.3.jar:/Users/coloneld/dev/repository/org/apache/maven/resolver/maven-resolver-spi/1.4.1/maven-resolver-spi-1.4.1.jar:/Users/coloneld/dev/repository/org/apache/maven/resolver/maven-resolver-impl/1.4.1/maven-resolver-impl-1.4.1.jar:/Users/coloneld/dev/repository/org/apache/maven/resolver/maven-resolver-connector-basic/1.4.1/maven-resolver-connector-basic-1.4.1.jar:/Users/coloneld/dev/repository/org/apache/maven/resolver/maven-resolver-transport-wagon/1.4.1/maven-resolver-transport-wagon-1.4.1.jar:/Users/coloneld/dev/repository/org/apache/maven/wagon/wagon-http/3.3.4/wagon-http-3.3.4.jar:/Users/coloneld/dev/repository/org/apache/maven/wagon/wagon-http-shared/3.3.4/wagon-http-shared-3.3.4.jar:/Users/coloneld/dev/repository/org/jsoup/jsoup/1.12.1/jsoup-1.12.1.jar:/Users/coloneld/dev/repository/org/apache/maven/wagon/wagon-provider-api/3.3.4/wagon-provider-api-3.3.4.jar:/Users/coloneld/dev/repository/org/apache/maven/wagon/wagon-file/3.3.4/wagon-file-3.3.4.jar:/Users/coloneld/dev/repository/io/quarkus/quarkus-bootstrap-gradle-resolver/1.9.0.CR1/quarkus-bootstrap-gradle-resolver-1.9.0.CR1.jar:/Users/coloneld/dev/repository/io/smallrye/common/smallrye-common-io/1.4.0/smallrye-common-io-1.4.0.jar:/Users/coloneld/dev/repository/org/eclipse/sisu/org.eclipse.sisu.inject/0.3.4/org.eclipse.sisu.inject-0.3.4.jar:/Users/coloneld/dev/repository/io/quarkus/quarkus-test-common/1.9.0.CR1/quarkus-test-common-1.9.0.CR1.jar:/Users/coloneld/dev/repository/io/quarkus/quarkus-core-deployment/1.9.0.CR1/quarkus-core-deployment-1.9.0.CR1.jar:/Users/coloneld/dev/repository/io/quarkus/gizmo/gizmo/1.0.4.Final/gizmo-1.0.4.Final.jar:/Users/coloneld/dev/repository/org/ow2/asm/asm-util/8.0.1/asm-util-8.0.1.jar:/Users/coloneld/dev/repository/org/ow2/asm/asm-tree/8.0.1/asm-tree-8.0.1.jar:/Users/coloneld/dev/repository/org/ow2/asm/asm-analysis/8.0.1/asm-analysis-8.0.1.jar:/Users/coloneld/dev/repository/org/ow2/asm/asm/8.0.1/asm-8.0.1.jar:/Users/coloneld/dev/repository/io/quarkus/quarkus-devtools-utilities/1.9.0.CR1/quarkus-devtools-utilities-1.9.0.CR1.jar:/Users/coloneld/dev/repository/io/quarkus/quarkus-builder/1.9.0.CR1/quarkus-builder-1.9.0.CR1.jar:/Users/coloneld/dev/repository/io/quarkus/quarkus-jsonp-deployment/1.9.0.CR1/quarkus-jsonp-deployment-1.9.0.CR1.jar:/Users/coloneld/dev/repository/io/quarkus/quarkus-jsonp/1.9.0.CR1/quarkus-jsonp-1.9.0.CR1.jar:/Users/coloneld/dev/repository/org/glassfish/jakarta.json/1.1.6/jakarta.json-1.1.6.jar:/Users/coloneld/dev/repository/org/jboss/jandex/2.2.1.Final/jandex-2.2.1.Final.jar:/Users/coloneld/dev/repository/org/jboss/logging/commons-logging-jboss-logging/1.0.0.Final/commons-logging-jboss-logging-1.0.0.Final.jar:/Users/coloneld/dev/repository/org/junit/jupiter/junit-jupiter/5.7.0/junit-jupiter-5.7.0.jar:/Users/coloneld/dev/repository/org/junit/jupiter/junit-jupiter-api/5.7.0/junit-jupiter-api-5.7.0.jar:/Users/coloneld/dev/repository/org/apiguardian/apiguardian-api/1.1.0/apiguardian-api-1.1.0.jar:/Users/coloneld/dev/repository/org/opentest4j/opentest4j/1.2.0/opentest4j-1.2.0.jar:/Users/coloneld/dev/repository/org/junit/platform/junit-platform-commons/1.7.0/junit-platform-commons-1.7.0.jar:/Users/coloneld/dev/repository/org/junit/jupiter/junit-jupiter-params/5.7.0/junit-jupiter-params-5.7.0.jar:/Users/coloneld/dev/repository/org/junit/jupiter/junit-jupiter-engine/5.7.0/junit-jupiter-engine-5.7.0.jar:/Users/coloneld/dev/repository/org/junit/platform/junit-platform-engine/1.7.0/junit-platform-engine-1.7.0.jar:/Users/coloneld/dev/repository/io/quarkus/quarkus-core/1.9.0.CR1/quarkus-core-1.9.0.CR1.jar:/Users/coloneld/dev/repository/jakarta/enterprise/jakarta.enterprise.cdi-api/2.0.2/jakarta.enterprise.cdi-api-2.0.2.jar:/Users/coloneld/dev/repository/jakarta/el/jakarta.el-api/3.0.3/jakarta.el-api-3.0.3.jar:/Users/coloneld/dev/repository/jakarta/interceptor/jakarta.interceptor-api/1.2.5/jakarta.interceptor-api-1.2.5.jar:/Users/coloneld/dev/repository/jakarta/ejb/jakarta.ejb-api/3.2.6/jakarta.ejb-api-3.2.6.jar:/Users/coloneld/dev/repository/jakarta/inject/jakarta.inject-api/1.0/jakarta.inject-api-1.0.jar:/Users/coloneld/dev/repository/io/quarkus/quarkus-ide-launcher/1.9.0.CR1/quarkus-ide-launcher-1.9.0.CR1.jar:/Users/coloneld/dev/repository/io/smallrye/config/smallrye-config/1.9.1/smallrye-config-1.9.1.jar:/Users/coloneld/dev/repository/io/smallrye/common/smallrye-common-annotation/1.4.0/smallrye-common-annotation-1.4.0.jar:/Users/coloneld/dev/repository/io/smallrye/common/smallrye-common-expression/1.4.0/smallrye-common-expression-1.4.0.jar:/Users/coloneld/dev/repository/io/smallrye/common/smallrye-common-function/1.4.0/smallrye-common-function-1.4.0.jar:/Users/coloneld/dev/repository/io/smallrye/common/smallrye-common-classloader/1.4.0/smallrye-common-classloader-1.4.0.jar:/Users/coloneld/dev/repository/org/jboss/logging/jboss-logging/3.4.1.Final/jboss-logging-3.4.1.Final.jar:/Users/coloneld/dev/repository/org/jboss/logmanager/jboss-logmanager-embedded/1.0.4/jboss-logmanager-embedded-1.0.4.jar:/Users/coloneld/dev/repository/org/jboss/logging/jboss-logging-annotations/2.1.0.Final/jboss-logging-annotations-2.1.0.Final.jar:/Users/coloneld/dev/repository/org/jboss/threads/jboss-threads/3.1.1.Final/jboss-threads-3.1.1.Final.jar:/Users/coloneld/dev/repository/org/slf4j/slf4j-api/1.7.30/slf4j-api-1.7.30.jar:/Users/coloneld/dev/repository/org/jboss/slf4j/slf4j-jboss-logging/1.2.1.Final/slf4j-jboss-logging-1.2.1.Final.jar:/Users/coloneld/dev/repository/org/graalvm/sdk/graal-sdk/20.2.0/graal-sdk-20.2.0.jar:/Users/coloneld/dev/repository/org/wildfly/common/wildfly-common/1.5.4.Final-format-001/wildfly-common-1.5.4.Final-format-001.jar:/Users/coloneld/dev/repository/io/quarkus/quarkus-bootstrap-runner/1.9.0.CR1/quarkus-bootstrap-runner-1.9.0.CR1.jar:/Users/coloneld/dev/repository/com/thoughtworks/xstream/xstream/1.4.11.1/xstream-1.4.11.1.jar:/Users/coloneld/dev/repository/xmlpull/xmlpull/1.1.3.1/xmlpull-1.1.3.1.jar:/Users/coloneld/dev/repository/xpp3/xpp3_min/1.1.4c/xpp3_min-1.1.4c.jar:/Users/coloneld/dev/repository/io/rest-assured/rest-assured/4.3.0/rest-assured-4.3.0.jar:/Users/coloneld/dev/repository/org/codehaus/groovy/groovy/3.0.5/groovy-3.0.5.jar:/Users/coloneld/dev/repository/org/codehaus/groovy/groovy-xml/3.0.2/groovy-xml-3.0.2.jar:/Users/coloneld/dev/repository/org/apache/httpcomponents/httpclient/4.5.12/httpclient-4.5.12.jar:/Users/coloneld/dev/repository/org/apache/httpcomponents/httpcore/4.4.13/httpcore-4.4.13.jar:/Users/coloneld/dev/repository/commons-logging/commons-logging/1.2/commons-logging-1.2.jar:/Users/coloneld/dev/repository/commons-codec/commons-codec/1.14/commons-codec-1.14.jar:/Users/coloneld/dev/repository/org/apache/httpcomponents/httpmime/4.5.12/httpmime-4.5.12.jar:/Users/coloneld/dev/repository/org/hamcrest/hamcrest/2.1/hamcrest-2.1.jar:/Users/coloneld/dev/repository/org/ccil/cowan/tagsoup/tagsoup/1.2.1/tagsoup-1.2.1.jar:/Users/coloneld/dev/repository/io/rest-assured/json-path/4.3.0/json-path-4.3.0.jar:/Users/coloneld/dev/repository/org/codehaus/groovy/groovy-json/3.0.5/groovy-json-3.0.5.jar:/Users/coloneld/dev/repository/io/rest-assured/rest-assured-common/4.3.0/rest-assured-common-4.3.0.jar:/Users/coloneld/dev/repository/io/rest-assured/xml-path/4.3.0/xml-path-4.3.0.jar:/Users/coloneld/dev/repository/org/apache/commons/commons-lang3/3.9/commons-lang3-3.9.jar:/Users/coloneld/dev/repository/jakarta/xml/bind/jakarta.xml.bind-api/2.3.2/jakarta.xml.bind-api-2.3.2.jar:/Users/coloneld/dev/repository/jakarta/activation/jakarta.activation-api/1.2.1/jakarta.activation-api-1.2.1.jar:/Users/coloneld/dev/repository/com/sun/xml/bind/jaxb-osgi/2.3.0.1/jaxb-osgi-2.3.0.1.jar:/Users/coloneld/dev/repository/org/apache/sling/org.apache.sling.javax.activation/0.1.0/org.apache.sling.javax.activation-0.1.0.jar:/Users/coloneld/dev/repository/javax/activation/activation/1.1.1/activation-1.1.1.jar:/Users/coloneld/dev/repository/io/quarkus/quarkus-kubernetes/1.9.0.CR1/quarkus-kubernetes-1.9.0.CR1.jar:/Users/coloneld/dev/repository/io/quarkus/quarkus-kubernetes-client-internal/1.9.0.CR1/quarkus-kubernetes-client-internal-1.9.0.CR1.jar:/Users/coloneld/dev/repository/io/quarkus/quarkus-container-image-docker/1.9.0.CR1/quarkus-container-image-docker-1.9.0.CR1.jar:/Users/coloneld/dev/repository/io/quarkus/quarkus-kubernetes-client/1.9.0.CR1/quarkus-kubernetes-client-1.9.0.CR1.jar:/Users/coloneld/dev/repository/io/quarkus/quarkus-arc/1.9.0.CR1/quarkus-arc-1.9.0.CR1.jar:/Users/coloneld/dev/repository/io/quarkus/arc/arc/1.9.0.CR1/arc-1.9.0.CR1.jar:/Users/coloneld/dev/repository/jakarta/transaction/jakarta.transaction-api/1.3.3/jakarta.transaction-api-1.3.3.jar:/Users/coloneld/dev/repository/org/eclipse/microprofile/context-propagation/microprofile-context-propagation-api/1.0.1/microprofile-context-propagation-api-1.0.1.jar:/Users/coloneld/dev/repository/io/quarkus/quarkus-jackson/1.9.0.CR1/quarkus-jackson-1.9.0.CR1.jar:/Users/coloneld/dev/repository/com/fasterxml/jackson/core/jackson-databind/2.11.3/jackson-databind-2.11.3.jar:/Users/coloneld/dev/repository/com/fasterxml/jackson/core/jackson-annotations/2.11.3/jackson-annotations-2.11.3.jar:/Users/coloneld/dev/repository/com/fasterxml/jackson/datatype/jackson-datatype-jsr310/2.11.3/jackson-datatype-jsr310-2.11.3.jar:/Users/coloneld/dev/repository/com/fasterxml/jackson/datatype/jackson-datatype-jdk8/2.11.3/jackson-datatype-jdk8-2.11.3.jar:/Users/coloneld/dev/repository/com/fasterxml/jackson/module/jackson-module-parameter-names/2.11.3/jackson-module-parameter-names-2.11.3.jar:/Users/coloneld/dev/repository/io/fabric8/kubernetes-client/4.12.0/kubernetes-client-4.12.0.jar:/Users/coloneld/dev/repository/io/fabric8/kubernetes-model-core/4.12.0/kubernetes-model-core-4.12.0.jar:/Users/coloneld/dev/repository/io/fabric8/kubernetes-model-common/4.12.0/kubernetes-model-common-4.12.0.jar:/Users/coloneld/dev/repository/com/fasterxml/jackson/module/jackson-module-jaxb-annotations/2.11.3/jackson-module-jaxb-annotations-2.11.3.jar:/Users/coloneld/dev/repository/io/fabric8/kubernetes-model-rbac/4.12.0/kubernetes-model-rbac-4.12.0.jar:/Users/coloneld/dev/repository/io/fabric8/kubernetes-model-admissionregistration/4.12.0/kubernetes-model-admissionregistration-4.12.0.jar:/Users/coloneld/dev/repository/io/fabric8/kubernetes-model-apps/4.12.0/kubernetes-model-apps-4.12.0.jar:/Users/coloneld/dev/repository/io/fabric8/kubernetes-model-autoscaling/4.12.0/kubernetes-model-autoscaling-4.12.0.jar:/Users/coloneld/dev/repository/io/fabric8/kubernetes-model-apiextensions/4.12.0/kubernetes-model-apiextensions-4.12.0.jar:/Users/coloneld/dev/repository/io/fabric8/kubernetes-model-batch/4.12.0/kubernetes-model-batch-4.12.0.jar:/Users/coloneld/dev/repository/io/fabric8/kubernetes-model-certificates/4.12.0/kubernetes-model-certificates-4.12.0.jar:/Users/coloneld/dev/repository/io/fabric8/kubernetes-model-coordination/4.12.0/kubernetes-model-coordination-4.12.0.jar:/Users/coloneld/dev/repository/io/fabric8/kubernetes-model-discovery/4.12.0/kubernetes-model-discovery-4.12.0.jar:/Users/coloneld/dev/repository/io/fabric8/kubernetes-model-events/4.12.0/kubernetes-model-events-4.12.0.jar:/Users/coloneld/dev/repository/io/fabric8/kubernetes-model-extensions/4.12.0/kubernetes-model-extensions-4.12.0.jar:/Users/coloneld/dev/repository/io/fabric8/kubernetes-model-networking/4.12.0/kubernetes-model-networking-4.12.0.jar:/Users/coloneld/dev/repository/io/fabric8/kubernetes-model-metrics/4.12.0/kubernetes-model-metrics-4.12.0.jar:/Users/coloneld/dev/repository/io/fabric8/kubernetes-model-policy/4.12.0/kubernetes-model-policy-4.12.0.jar:/Users/coloneld/dev/repository/io/fabric8/kubernetes-model-scheduling/4.12.0/kubernetes-model-scheduling-4.12.0.jar:/Users/coloneld/dev/repository/io/fabric8/kubernetes-model-settings/4.12.0/kubernetes-model-settings-4.12.0.jar:/Users/coloneld/dev/repository/io/fabric8/kubernetes-model-storageclass/4.12.0/kubernetes-model-storageclass-4.12.0.jar:/Users/coloneld/dev/repository/com/squareup/okhttp3/okhttp/3.14.9/okhttp-3.14.9.jar:/Users/coloneld/dev/repository/com/squareup/okio/okio/1.17.2/okio-1.17.2.jar:/Users/coloneld/dev/repository/com/squareup/okhttp3/logging-interceptor/3.14.9/logging-interceptor-3.14.9.jar:/Users/coloneld/dev/repository/com/fasterxml/jackson/dataformat/jackson-dataformat-yaml/2.11.3/jackson-dataformat-yaml-2.11.3.jar:/Users/coloneld/dev/repository/com/fasterxml/jackson/core/jackson-core/2.11.3/jackson-core-2.11.3.jar:/Users/coloneld/dev/repository/io/fabric8/zjsonpatch/0.3.0/zjsonpatch-0.3.0.jar:/Users/coloneld/dev/repository/com/github/mifmif/generex/1.0.2/generex-1.0.2.jar:/Users/coloneld/dev/repository/dk/brics/automaton/automaton/1.11-8/automaton-1.11-8.jar:/Users/coloneld/dev/repository/org/apache/commons/commons-compress/1.20/commons-compress-1.20.jar:/Users/coloneld/dev/repository/jakarta/annotation/jakarta.annotation-api/1.3.5/jakarta.annotation-api-1.3.5.jar:/Users/coloneld/dev/repository/org/jboss/spec/javax/xml/bind/jboss-jaxb-api_2.3_spec/2.0.0.Final/jboss-jaxb-api_2.3_spec-2.0.0.Final.jar:/Users/coloneld/dev/repository/io/smallrye/config/smallrye-config-source-yaml/1.9.1/smallrye-config-source-yaml-1.9.1.jar:/Users/coloneld/dev/repository/org/yaml/snakeyaml/1.27/snakeyaml-1.27.jar:/Users/coloneld/dev/repository/io/smallrye/config/smallrye-config-common/1.9.1/smallrye-config-common-1.9.1.jar:/Users/coloneld/dev/repository/org/eclipse/microprofile/config/microprofile-config-api/1.4/microprofile-config-api-1.4.jar:/Users/coloneld/dev/repository/io/smallrye/common/smallrye-common-constraint/1.4.0/smallrye-common-constraint-1.4.0.jar:"/>
    <property name="java.vm.vendor" value="AdoptOpenJDK"/>
    <property name="sun.arch.data.model" value="64"/>
    <property name="java.vendor.url" value="https://adoptopenjdk.net/"/>
    <property name="user.timezone" value="Europe/Paris"/>
    <property name="java.vm.specification.version" value="11"/>
    <property name="os.name" value="Mac OS X"/>
    <property name="sun.java.launcher" value="SUN_STANDARD"/>
    <property name="user.country" value="FR"/>
    <property name="sun.boot.library.path" value="/Library/Java/JavaVirtualMachines/adoptopenjdk-11.jdk/Contents/Home/lib"/>
    <property name="sun.java.command" value="/Users/coloneld/dev/git/sedona/apero-code/mk8s-quarkus-ac/kubernetes-quickstart/target/surefire/surefirebooter6803472816912012592.jar /Users/coloneld/dev/git/sedona/apero-code/mk8s-quarkus-ac/kubernetes-quickstart/target/surefire 2020-10-15T15-05-15_713-jvmRun1 surefire1225983746195908067tmp surefire_05485421423343324777tmp"/>
    <property name="http.nonProxyHosts" value="local|*.local|169.254/16|*.169.254/16"/>
    <property name="jdk.debug" value="release"/>
    <property name="maven.home" value="/Users/coloneld/.m2/wrapper/dists/apache-maven-3.6.3-bin/1iopthnavndlasol9gbrbg6bf2/apache-maven-3.6.3"/>
    <property name="surefire.test.class.path" value="/Users/coloneld/dev/git/sedona/apero-code/mk8s-quarkus-ac/kubernetes-quickstart/target/test-classes:/Users/coloneld/dev/git/sedona/apero-code/mk8s-quarkus-ac/kubernetes-quickstart/target/classes:/Users/coloneld/dev/repository/io/quarkus/quarkus-resteasy/1.9.0.CR1/quarkus-resteasy-1.9.0.CR1.jar:/Users/coloneld/dev/repository/io/quarkus/quarkus-vertx-http/1.9.0.CR1/quarkus-vertx-http-1.9.0.CR1.jar:/Users/coloneld/dev/repository/io/quarkus/quarkus-security-runtime-spi/1.9.0.CR1/quarkus-security-runtime-spi-1.9.0.CR1.jar:/Users/coloneld/dev/repository/io/quarkus/quarkus-development-mode-spi/1.9.0.CR1/quarkus-development-mode-spi-1.9.0.CR1.jar:/Users/coloneld/dev/repository/io/quarkus/security/quarkus-security/1.1.3.Final/quarkus-security-1.1.3.Final.jar:/Users/coloneld/dev/repository/io/smallrye/reactive/mutiny/0.9.0/mutiny-0.9.0.jar:/Users/coloneld/dev/repository/org/reactivestreams/reactive-streams/1.0.3/reactive-streams-1.0.3.jar:/Users/coloneld/dev/repository/io/quarkus/quarkus-vertx-core/1.9.0.CR1/quarkus-vertx-core-1.9.0.CR1.jar:/Users/coloneld/dev/repository/io/quarkus/quarkus-netty/1.9.0.CR1/quarkus-netty-1.9.0.CR1.jar:/Users/coloneld/dev/repository/io/netty/netty-codec/4.1.49.Final/netty-codec-4.1.49.Final.jar:/Users/coloneld/dev/repository/io/netty/netty-handler/4.1.49.Final/netty-handler-4.1.49.Final.jar:/Users/coloneld/dev/repository/io/vertx/vertx-core/3.9.3/vertx-core-3.9.3.jar:/Users/coloneld/dev/repository/io/netty/netty-common/4.1.49.Final/netty-common-4.1.49.Final.jar:/Users/coloneld/dev/repository/io/netty/netty-buffer/4.1.49.Final/netty-buffer-4.1.49.Final.jar:/Users/coloneld/dev/repository/io/netty/netty-transport/4.1.49.Final/netty-transport-4.1.49.Final.jar:/Users/coloneld/dev/repository/io/netty/netty-handler-proxy/4.1.49.Final/netty-handler-proxy-4.1.49.Final.jar:/Users/coloneld/dev/repository/io/netty/netty-codec-socks/4.1.49.Final/netty-codec-socks-4.1.49.Final.jar:/Users/coloneld/dev/repository/io/netty/netty-codec-http/4.1.49.Final/netty-codec-http-4.1.49.Final.jar:/Users/coloneld/dev/repository/io/netty/netty-codec-http2/4.1.49.Final/netty-codec-http2-4.1.49.Final.jar:/Users/coloneld/dev/repository/io/netty/netty-resolver/4.1.49.Final/netty-resolver-4.1.49.Final.jar:/Users/coloneld/dev/repository/io/netty/netty-resolver-dns/4.1.49.Final/netty-resolver-dns-4.1.49.Final.jar:/Users/coloneld/dev/repository/io/netty/netty-codec-dns/4.1.49.Final/netty-codec-dns-4.1.49.Final.jar:/Users/coloneld/dev/repository/io/vertx/vertx-web/3.9.3/vertx-web-3.9.3.jar:/Users/coloneld/dev/repository/io/vertx/vertx-web-common/3.9.3/vertx-web-common-3.9.3.jar:/Users/coloneld/dev/repository/io/vertx/vertx-auth-common/3.9.3/vertx-auth-common-3.9.3.jar:/Users/coloneld/dev/repository/io/vertx/vertx-bridge-common/3.9.3/vertx-bridge-common-3.9.3.jar:/Users/coloneld/dev/repository/io/quarkus/quarkus-resteasy-server-common/1.9.0.CR1/quarkus-resteasy-server-common-1.9.0.CR1.jar:/Users/coloneld/dev/repository/io/quarkus/quarkus-resteasy-common/1.9.0.CR1/quarkus-resteasy-common-1.9.0.CR1.jar:/Users/coloneld/dev/repository/org/jboss/resteasy/resteasy-core/4.5.8.Final/resteasy-core-4.5.8.Final.jar:/Users/coloneld/dev/repository/org/jboss/spec/javax/ws/rs/jboss-jaxrs-api_2.1_spec/2.0.1.Final/jboss-jaxrs-api_2.1_spec-2.0.1.Final.jar:/Users/coloneld/dev/repository/org/jboss/resteasy/resteasy-core-spi/4.5.8.Final/resteasy-core-spi-4.5.8.Final.jar:/Users/coloneld/dev/repository/com/ibm/async/asyncutil/0.1.0/asyncutil-0.1.0.jar:/Users/coloneld/dev/repository/com/sun/activation/jakarta.activation/1.2.1/jakarta.activation-1.2.1.jar:/Users/coloneld/dev/repository/jakarta/validation/jakarta.validation-api/2.0.2/jakarta.validation-api-2.0.2.jar:/Users/coloneld/dev/repository/io/quarkus/quarkus-junit5/1.9.0.CR1/quarkus-junit5-1.9.0.CR1.jar:/Users/coloneld/dev/repository/io/quarkus/quarkus-bootstrap-core/1.9.0.CR1/quarkus-bootstrap-core-1.9.0.CR1.jar:/Users/coloneld/dev/repository/io/quarkus/quarkus-bootstrap-app-model/1.9.0.CR1/quarkus-bootstrap-app-model-1.9.0.CR1.jar:/Users/coloneld/dev/repository/io/quarkus/quarkus-bootstrap-maven-resolver/1.9.0.CR1/quarkus-bootstrap-maven-resolver-1.9.0.CR1.jar:/Users/coloneld/dev/repository/org/apache/maven/maven-embedder/3.6.3/maven-embedder-3.6.3.jar:/Users/coloneld/dev/repository/org/apache/maven/maven-settings/3.6.3/maven-settings-3.6.3.jar:/Users/coloneld/dev/repository/org/apache/maven/maven-core/3.6.3/maven-core-3.6.3.jar:/Users/coloneld/dev/repository/org/apache/maven/maven-artifact/3.6.3/maven-artifact-3.6.3.jar:/Users/coloneld/dev/repository/org/codehaus/plexus/plexus-component-annotations/2.1.0/plexus-component-annotations-2.1.0.jar:/Users/coloneld/dev/repository/org/apache/maven/maven-plugin-api/3.6.3/maven-plugin-api-3.6.3.jar:/Users/coloneld/dev/repository/org/apache/maven/maven-model/3.6.3/maven-model-3.6.3.jar:/Users/coloneld/dev/repository/org/apache/maven/maven-model-builder/3.6.3/maven-model-builder-3.6.3.jar:/Users/coloneld/dev/repository/org/apache/maven/maven-builder-support/3.6.3/maven-builder-support-3.6.3.jar:/Users/coloneld/dev/repository/org/apache/maven/resolver/maven-resolver-api/1.4.1/maven-resolver-api-1.4.1.jar:/Users/coloneld/dev/repository/org/apache/maven/resolver/maven-resolver-util/1.4.1/maven-resolver-util-1.4.1.jar:/Users/coloneld/dev/repository/org/apache/maven/shared/maven-shared-utils/3.2.1/maven-shared-utils-3.2.1.jar:/Users/coloneld/dev/repository/commons-io/commons-io/2.8.0/commons-io-2.8.0.jar:/Users/coloneld/dev/repository/com/google/inject/guice/4.2.1/guice-4.2.1-no_aop.jar:/Users/coloneld/dev/repository/com/google/guava/guava/29.0-jre/guava-29.0-jre.jar:/Users/coloneld/dev/repository/com/google/guava/failureaccess/1.0.1/failureaccess-1.0.1.jar:/Users/coloneld/dev/repository/com/google/guava/listenablefuture/9999.0-empty-to-avoid-conflict-with-guava/listenablefuture-9999.0-empty-to-avoid-conflict-with-guava.jar:/Users/coloneld/dev/repository/org/codehaus/plexus/plexus-utils/3.2.1/plexus-utils-3.2.1.jar:/Users/coloneld/dev/repository/org/codehaus/plexus/plexus-classworlds/2.5.2/plexus-classworlds-2.5.2.jar:/Users/coloneld/dev/repository/commons-cli/commons-cli/1.4/commons-cli-1.4.jar:/Users/coloneld/dev/repository/org/eclipse/sisu/org.eclipse.sisu.plexus/0.3.4/org.eclipse.sisu.plexus-0.3.4.jar:/Users/coloneld/dev/repository/org/apache/maven/maven-settings-builder/3.6.3/maven-settings-builder-3.6.3.jar:/Users/coloneld/dev/repository/org/codehaus/plexus/plexus-interpolation/1.25/plexus-interpolation-1.25.jar:/Users/coloneld/dev/repository/org/sonatype/plexus/plexus-sec-dispatcher/1.4/plexus-sec-dispatcher-1.4.jar:/Users/coloneld/dev/repository/org/sonatype/plexus/plexus-cipher/1.4/plexus-cipher-1.4.jar:/Users/coloneld/dev/repository/org/apache/maven/maven-resolver-provider/3.6.3/maven-resolver-provider-3.6.3.jar:/Users/coloneld/dev/repository/org/apache/maven/maven-repository-metadata/3.6.3/maven-repository-metadata-3.6.3.jar:/Users/coloneld/dev/repository/org/apache/maven/resolver/maven-resolver-spi/1.4.1/maven-resolver-spi-1.4.1.jar:/Users/coloneld/dev/repository/org/apache/maven/resolver/maven-resolver-impl/1.4.1/maven-resolver-impl-1.4.1.jar:/Users/coloneld/dev/repository/org/apache/maven/resolver/maven-resolver-connector-basic/1.4.1/maven-resolver-connector-basic-1.4.1.jar:/Users/coloneld/dev/repository/org/apache/maven/resolver/maven-resolver-transport-wagon/1.4.1/maven-resolver-transport-wagon-1.4.1.jar:/Users/coloneld/dev/repository/org/apache/maven/wagon/wagon-http/3.3.4/wagon-http-3.3.4.jar:/Users/coloneld/dev/repository/org/apache/maven/wagon/wagon-http-shared/3.3.4/wagon-http-shared-3.3.4.jar:/Users/coloneld/dev/repository/org/jsoup/jsoup/1.12.1/jsoup-1.12.1.jar:/Users/coloneld/dev/repository/org/apache/maven/wagon/wagon-provider-api/3.3.4/wagon-provider-api-3.3.4.jar:/Users/coloneld/dev/repository/org/apache/maven/wagon/wagon-file/3.3.4/wagon-file-3.3.4.jar:/Users/coloneld/dev/repository/io/quarkus/quarkus-bootstrap-gradle-resolver/1.9.0.CR1/quarkus-bootstrap-gradle-resolver-1.9.0.CR1.jar:/Users/coloneld/dev/repository/io/smallrye/common/smallrye-common-io/1.4.0/smallrye-common-io-1.4.0.jar:/Users/coloneld/dev/repository/org/eclipse/sisu/org.eclipse.sisu.inject/0.3.4/org.eclipse.sisu.inject-0.3.4.jar:/Users/coloneld/dev/repository/io/quarkus/quarkus-test-common/1.9.0.CR1/quarkus-test-common-1.9.0.CR1.jar:/Users/coloneld/dev/repository/io/quarkus/quarkus-core-deployment/1.9.0.CR1/quarkus-core-deployment-1.9.0.CR1.jar:/Users/coloneld/dev/repository/io/quarkus/gizmo/gizmo/1.0.4.Final/gizmo-1.0.4.Final.jar:/Users/coloneld/dev/repository/org/ow2/asm/asm-util/8.0.1/asm-util-8.0.1.jar:/Users/coloneld/dev/repository/org/ow2/asm/asm-tree/8.0.1/asm-tree-8.0.1.jar:/Users/coloneld/dev/repository/org/ow2/asm/asm-analysis/8.0.1/asm-analysis-8.0.1.jar:/Users/coloneld/dev/repository/org/ow2/asm/asm/8.0.1/asm-8.0.1.jar:/Users/coloneld/dev/repository/io/quarkus/quarkus-devtools-utilities/1.9.0.CR1/quarkus-devtools-utilities-1.9.0.CR1.jar:/Users/coloneld/dev/repository/io/quarkus/quarkus-builder/1.9.0.CR1/quarkus-builder-1.9.0.CR1.jar:/Users/coloneld/dev/repository/io/quarkus/quarkus-jsonp-deployment/1.9.0.CR1/quarkus-jsonp-deployment-1.9.0.CR1.jar:/Users/coloneld/dev/repository/io/quarkus/quarkus-jsonp/1.9.0.CR1/quarkus-jsonp-1.9.0.CR1.jar:/Users/coloneld/dev/repository/org/glassfish/jakarta.json/1.1.6/jakarta.json-1.1.6.jar:/Users/coloneld/dev/repository/org/jboss/jandex/2.2.1.Final/jandex-2.2.1.Final.jar:/Users/coloneld/dev/repository/org/jboss/logging/commons-logging-jboss-logging/1.0.0.Final/commons-logging-jboss-logging-1.0.0.Final.jar:/Users/coloneld/dev/repository/org/junit/jupiter/junit-jupiter/5.7.0/junit-jupiter-5.7.0.jar:/Users/coloneld/dev/repository/org/junit/jupiter/junit-jupiter-api/5.7.0/junit-jupiter-api-5.7.0.jar:/Users/coloneld/dev/repository/org/apiguardian/apiguardian-api/1.1.0/apiguardian-api-1.1.0.jar:/Users/coloneld/dev/repository/org/opentest4j/opentest4j/1.2.0/opentest4j-1.2.0.jar:/Users/coloneld/dev/repository/org/junit/platform/junit-platform-commons/1.7.0/junit-platform-commons-1.7.0.jar:/Users/coloneld/dev/repository/org/junit/jupiter/junit-jupiter-params/5.7.0/junit-jupiter-params-5.7.0.jar:/Users/coloneld/dev/repository/org/junit/jupiter/junit-jupiter-engine/5.7.0/junit-jupiter-engine-5.7.0.jar:/Users/coloneld/dev/repository/org/junit/platform/junit-platform-engine/1.7.0/junit-platform-engine-1.7.0.jar:/Users/coloneld/dev/repository/io/quarkus/quarkus-core/1.9.0.CR1/quarkus-core-1.9.0.CR1.jar:/Users/coloneld/dev/repository/jakarta/enterprise/jakarta.enterprise.cdi-api/2.0.2/jakarta.enterprise.cdi-api-2.0.2.jar:/Users/coloneld/dev/repository/jakarta/el/jakarta.el-api/3.0.3/jakarta.el-api-3.0.3.jar:/Users/coloneld/dev/repository/jakarta/interceptor/jakarta.interceptor-api/1.2.5/jakarta.interceptor-api-1.2.5.jar:/Users/coloneld/dev/repository/jakarta/ejb/jakarta.ejb-api/3.2.6/jakarta.ejb-api-3.2.6.jar:/Users/coloneld/dev/repository/jakarta/inject/jakarta.inject-api/1.0/jakarta.inject-api-1.0.jar:/Users/coloneld/dev/repository/io/quarkus/quarkus-ide-launcher/1.9.0.CR1/quarkus-ide-launcher-1.9.0.CR1.jar:/Users/coloneld/dev/repository/io/smallrye/config/smallrye-config/1.9.1/smallrye-config-1.9.1.jar:/Users/coloneld/dev/repository/io/smallrye/common/smallrye-common-annotation/1.4.0/smallrye-common-annotation-1.4.0.jar:/Users/coloneld/dev/repository/io/smallrye/common/smallrye-common-expression/1.4.0/smallrye-common-expression-1.4.0.jar:/Users/coloneld/dev/repository/io/smallrye/common/smallrye-common-function/1.4.0/smallrye-common-function-1.4.0.jar:/Users/coloneld/dev/repository/io/smallrye/common/smallrye-common-classloader/1.4.0/smallrye-common-classloader-1.4.0.jar:/Users/coloneld/dev/repository/org/jboss/logging/jboss-logging/3.4.1.Final/jboss-logging-3.4.1.Final.jar:/Users/coloneld/dev/repository/org/jboss/logmanager/jboss-logmanager-embedded/1.0.4/jboss-logmanager-embedded-1.0.4.jar:/Users/coloneld/dev/repository/org/jboss/logging/jboss-logging-annotations/2.1.0.Final/jboss-logging-annotations-2.1.0.Final.jar:/Users/coloneld/dev/repository/org/jboss/threads/jboss-threads/3.1.1.Final/jboss-threads-3.1.1.Final.jar:/Users/coloneld/dev/repository/org/slf4j/slf4j-api/1.7.30/slf4j-api-1.7.30.jar:/Users/coloneld/dev/repository/org/jboss/slf4j/slf4j-jboss-logging/1.2.1.Final/slf4j-jboss-logging-1.2.1.Final.jar:/Users/coloneld/dev/repository/org/graalvm/sdk/graal-sdk/20.2.0/graal-sdk-20.2.0.jar:/Users/coloneld/dev/repository/org/wildfly/common/wildfly-common/1.5.4.Final-format-001/wildfly-common-1.5.4.Final-format-001.jar:/Users/coloneld/dev/repository/io/quarkus/quarkus-bootstrap-runner/1.9.0.CR1/quarkus-bootstrap-runner-1.9.0.CR1.jar:/Users/coloneld/dev/repository/com/thoughtworks/xstream/xstream/1.4.11.1/xstream-1.4.11.1.jar:/Users/coloneld/dev/repository/xmlpull/xmlpull/1.1.3.1/xmlpull-1.1.3.1.jar:/Users/coloneld/dev/repository/xpp3/xpp3_min/1.1.4c/xpp3_min-1.1.4c.jar:/Users/coloneld/dev/repository/io/rest-assured/rest-assured/4.3.0/rest-assured-4.3.0.jar:/Users/coloneld/dev/repository/org/codehaus/groovy/groovy/3.0.5/groovy-3.0.5.jar:/Users/coloneld/dev/repository/org/codehaus/groovy/groovy-xml/3.0.2/groovy-xml-3.0.2.jar:/Users/coloneld/dev/repository/org/apache/httpcomponents/httpclient/4.5.12/httpclient-4.5.12.jar:/Users/coloneld/dev/repository/org/apache/httpcomponents/httpcore/4.4.13/httpcore-4.4.13.jar:/Users/coloneld/dev/repository/commons-logging/commons-logging/1.2/commons-logging-1.2.jar:/Users/coloneld/dev/repository/commons-codec/commons-codec/1.14/commons-codec-1.14.jar:/Users/coloneld/dev/repository/org/apache/httpcomponents/httpmime/4.5.12/httpmime-4.5.12.jar:/Users/coloneld/dev/repository/org/hamcrest/hamcrest/2.1/hamcrest-2.1.jar:/Users/coloneld/dev/repository/org/ccil/cowan/tagsoup/tagsoup/1.2.1/tagsoup-1.2.1.jar:/Users/coloneld/dev/repository/io/rest-assured/json-path/4.3.0/json-path-4.3.0.jar:/Users/coloneld/dev/repository/org/codehaus/groovy/groovy-json/3.0.5/groovy-json-3.0.5.jar:/Users/coloneld/dev/repository/io/rest-assured/rest-assured-common/4.3.0/rest-assured-common-4.3.0.jar:/Users/coloneld/dev/repository/io/rest-assured/xml-path/4.3.0/xml-path-4.3.0.jar:/Users/coloneld/dev/repository/org/apache/commons/commons-lang3/3.9/commons-lang3-3.9.jar:/Users/coloneld/dev/repository/jakarta/xml/bind/jakarta.xml.bind-api/2.3.2/jakarta.xml.bind-api-2.3.2.jar:/Users/coloneld/dev/repository/jakarta/activation/jakarta.activation-api/1.2.1/jakarta.activation-api-1.2.1.jar:/Users/coloneld/dev/repository/com/sun/xml/bind/jaxb-osgi/2.3.0.1/jaxb-osgi-2.3.0.1.jar:/Users/coloneld/dev/repository/org/apache/sling/org.apache.sling.javax.activation/0.1.0/org.apache.sling.javax.activation-0.1.0.jar:/Users/coloneld/dev/repository/javax/activation/activation/1.1.1/activation-1.1.1.jar:/Users/coloneld/dev/repository/io/quarkus/quarkus-kubernetes/1.9.0.CR1/quarkus-kubernetes-1.9.0.CR1.jar:/Users/coloneld/dev/repository/io/quarkus/quarkus-kubernetes-client-internal/1.9.0.CR1/quarkus-kubernetes-client-internal-1.9.0.CR1.jar:/Users/coloneld/dev/repository/io/quarkus/quarkus-container-image-docker/1.9.0.CR1/quarkus-container-image-docker-1.9.0.CR1.jar:/Users/coloneld/dev/repository/io/quarkus/quarkus-kubernetes-client/1.9.0.CR1/quarkus-kubernetes-client-1.9.0.CR1.jar:/Users/coloneld/dev/repository/io/quarkus/quarkus-arc/1.9.0.CR1/quarkus-arc-1.9.0.CR1.jar:/Users/coloneld/dev/repository/io/quarkus/arc/arc/1.9.0.CR1/arc-1.9.0.CR1.jar:/Users/coloneld/dev/repository/jakarta/transaction/jakarta.transaction-api/1.3.3/jakarta.transaction-api-1.3.3.jar:/Users/coloneld/dev/repository/org/eclipse/microprofile/context-propagation/microprofile-context-propagation-api/1.0.1/microprofile-context-propagation-api-1.0.1.jar:/Users/coloneld/dev/repository/io/quarkus/quarkus-jackson/1.9.0.CR1/quarkus-jackson-1.9.0.CR1.jar:/Users/coloneld/dev/repository/com/fasterxml/jackson/core/jackson-databind/2.11.3/jackson-databind-2.11.3.jar:/Users/coloneld/dev/repository/com/fasterxml/jackson/core/jackson-annotations/2.11.3/jackson-annotations-2.11.3.jar:/Users/coloneld/dev/repository/com/fasterxml/jackson/datatype/jackson-datatype-jsr310/2.11.3/jackson-datatype-jsr310-2.11.3.jar:/Users/coloneld/dev/repository/com/fasterxml/jackson/datatype/jackson-datatype-jdk8/2.11.3/jackson-datatype-jdk8-2.11.3.jar:/Users/coloneld/dev/repository/com/fasterxml/jackson/module/jackson-module-parameter-names/2.11.3/jackson-module-parameter-names-2.11.3.jar:/Users/coloneld/dev/repository/io/fabric8/kubernetes-client/4.12.0/kubernetes-client-4.12.0.jar:/Users/coloneld/dev/repository/io/fabric8/kubernetes-model-core/4.12.0/kubernetes-model-core-4.12.0.jar:/Users/coloneld/dev/repository/io/fabric8/kubernetes-model-common/4.12.0/kubernetes-model-common-4.12.0.jar:/Users/coloneld/dev/repository/com/fasterxml/jackson/module/jackson-module-jaxb-annotations/2.11.3/jackson-module-jaxb-annotations-2.11.3.jar:/Users/coloneld/dev/repository/io/fabric8/kubernetes-model-rbac/4.12.0/kubernetes-model-rbac-4.12.0.jar:/Users/coloneld/dev/repository/io/fabric8/kubernetes-model-admissionregistration/4.12.0/kubernetes-model-admissionregistration-4.12.0.jar:/Users/coloneld/dev/repository/io/fabric8/kubernetes-model-apps/4.12.0/kubernetes-model-apps-4.12.0.jar:/Users/coloneld/dev/repository/io/fabric8/kubernetes-model-autoscaling/4.12.0/kubernetes-model-autoscaling-4.12.0.jar:/Users/coloneld/dev/repository/io/fabric8/kubernetes-model-apiextensions/4.12.0/kubernetes-model-apiextensions-4.12.0.jar:/Users/coloneld/dev/repository/io/fabric8/kubernetes-model-batch/4.12.0/kubernetes-model-batch-4.12.0.jar:/Users/coloneld/dev/repository/io/fabric8/kubernetes-model-certificates/4.12.0/kubernetes-model-certificates-4.12.0.jar:/Users/coloneld/dev/repository/io/fabric8/kubernetes-model-coordination/4.12.0/kubernetes-model-coordination-4.12.0.jar:/Users/coloneld/dev/repository/io/fabric8/kubernetes-model-discovery/4.12.0/kubernetes-model-discovery-4.12.0.jar:/Users/coloneld/dev/repository/io/fabric8/kubernetes-model-events/4.12.0/kubernetes-model-events-4.12.0.jar:/Users/coloneld/dev/repository/io/fabric8/kubernetes-model-extensions/4.12.0/kubernetes-model-extensions-4.12.0.jar:/Users/coloneld/dev/repository/io/fabric8/kubernetes-model-networking/4.12.0/kubernetes-model-networking-4.12.0.jar:/Users/coloneld/dev/repository/io/fabric8/kubernetes-model-metrics/4.12.0/kubernetes-model-metrics-4.12.0.jar:/Users/coloneld/dev/repository/io/fabric8/kubernetes-model-policy/4.12.0/kubernetes-model-policy-4.12.0.jar:/Users/coloneld/dev/repository/io/fabric8/kubernetes-model-scheduling/4.12.0/kubernetes-model-scheduling-4.12.0.jar:/Users/coloneld/dev/repository/io/fabric8/kubernetes-model-settings/4.12.0/kubernetes-model-settings-4.12.0.jar:/Users/coloneld/dev/repository/io/fabric8/kubernetes-model-storageclass/4.12.0/kubernetes-model-storageclass-4.12.0.jar:/Users/coloneld/dev/repository/com/squareup/okhttp3/okhttp/3.14.9/okhttp-3.14.9.jar:/Users/coloneld/dev/repository/com/squareup/okio/okio/1.17.2/okio-1.17.2.jar:/Users/coloneld/dev/repository/com/squareup/okhttp3/logging-interceptor/3.14.9/logging-interceptor-3.14.9.jar:/Users/coloneld/dev/repository/com/fasterxml/jackson/dataformat/jackson-dataformat-yaml/2.11.3/jackson-dataformat-yaml-2.11.3.jar:/Users/coloneld/dev/repository/com/fasterxml/jackson/core/jackson-core/2.11.3/jackson-core-2.11.3.jar:/Users/coloneld/dev/repository/io/fabric8/zjsonpatch/0.3.0/zjsonpatch-0.3.0.jar:/Users/coloneld/dev/repository/com/github/mifmif/generex/1.0.2/generex-1.0.2.jar:/Users/coloneld/dev/repository/dk/brics/automaton/automaton/1.11-8/automaton-1.11-8.jar:/Users/coloneld/dev/repository/org/apache/commons/commons-compress/1.20/commons-compress-1.20.jar:/Users/coloneld/dev/repository/jakarta/annotation/jakarta.annotation-api/1.3.5/jakarta.annotation-api-1.3.5.jar:/Users/coloneld/dev/repository/org/jboss/spec/javax/xml/bind/jboss-jaxb-api_2.3_spec/2.0.0.Final/jboss-jaxb-api_2.3_spec-2.0.0.Final.jar:/Users/coloneld/dev/repository/io/smallrye/config/smallrye-config-source-yaml/1.9.1/smallrye-config-source-yaml-1.9.1.jar:/Users/coloneld/dev/repository/org/yaml/snakeyaml/1.27/snakeyaml-1.27.jar:/Users/coloneld/dev/repository/io/smallrye/config/smallrye-config-common/1.9.1/smallrye-config-common-1.9.1.jar:/Users/coloneld/dev/repository/org/eclipse/microprofile/config/microprofile-config-api/1.4/microprofile-config-api-1.4.jar:/Users/coloneld/dev/repository/io/smallrye/common/smallrye-common-constraint/1.4.0/smallrye-common-constraint-1.4.0.jar:"/>
    <property name="sun.cpu.endian" value="little"/>
    <property name="user.home" value="/Users/coloneld"/>
    <property name="user.language" value="fr"/>
    <property name="java.specification.vendor" value="Oracle Corporation"/>
    <property name="io.netty.allocator.maxOrder" value="1"/>
    <property name="java.version.date" value="2019-07-16"/>
    <property name="java.home" value="/Library/Java/JavaVirtualMachines/adoptopenjdk-11.jdk/Contents/Home"/>
    <property name="file.separator" value="/"/>
    <property name="basedir" value="/Users/coloneld/dev/git/sedona/apero-code/mk8s-quarkus-ac/kubernetes-quickstart"/>
    <property name="java.vm.compressedOopsMode" value="Zero based"/>
    <property name="line.separator" value="&#10;"/>
    <property name="java.specification.name" value="Java Platform API Specification"/>
    <property name="java.vm.specification.vendor" value="Oracle Corporation"/>
    <property name="java.awt.graphicsenv" value="sun.awt.CGraphicsEnvironment"/>
    <property name="quarkus.kubernetes.deploy" value="true"/>
    <property name="surefire.real.class.path" value="/Users/coloneld/dev/git/sedona/apero-code/mk8s-quarkus-ac/kubernetes-quickstart/target/surefire/surefirebooter6803472816912012592.jar"/>
    <property name="sun.management.compiler" value="HotSpot 64-Bit Tiered Compilers"/>
    <property name="ftp.nonProxyHosts" value="local|*.local|169.254/16|*.169.254/16"/>
    <property name="java.runtime.version" value="11.0.4+11"/>
    <property name="user.name" value="coloneld"/>
    <property name="path.separator" value=":"/>
    <property name="os.version" value="10.15.7"/>
    <property name="java.runtime.name" value="OpenJDK Runtime Environment"/>
    <property name="file.encoding" value="UTF-8"/>
    <property name="sun.nio.ch.bugLevel" value=""/>
    <property name="java.vm.name" value="OpenJDK 64-Bit Server VM"/>
    <property name="java.vendor.version" value="AdoptOpenJDK"/>
    <property name="io.netty.noJdkZlibDecoder" value="false"/>
    <property name="localRepository" value="/Users/coloneld/dev/repository"/>
    <property name="java.vendor.url.bug" value="https://github.com/AdoptOpenJDK/openjdk-build/issues"/>
    <property name="java.io.tmpdir" value="/var/folders/b_/hcpv9j4x4bngg81kl8xgpl300000gq/T/"/>
    <property name="quarkus.log.file.path" value="target/quarkus.log"/>
    <property name="java.version" value="11.0.4"/>
    <property name="user.dir" value="/Users/coloneld/dev/git/sedona/apero-code/mk8s-quarkus-ac/kubernetes-quickstart"/>
    <property name="os.arch" value="x86_64"/>
    <property name="java.vm.specification.name" value="Java Virtual Machine Specification"/>
    <property name="vertx.disableDnsResolver" value="true"/>
    <property name="java.awt.printerjob" value="sun.lwawt.macosx.CPrinterJob"/>
    <property name="quarkus.profile" value="dev"/>
    <property name="sun.os.patch.level" value="unknown"/>
    <property name="java.util.logging.manager" value="org.jboss.logmanager.LogManager"/>
    <property name="java.library.path" value="/Users/coloneld/Library/Java/Extensions:/Library/Java/Extensions:/Network/Library/Java/Extensions:/System/Library/Java/Extensions:/usr/lib/java:."/>
    <property name="java.vendor" value="AdoptOpenJDK"/>
    <property name="java.vm.info" value="mixed mode"/>
    <property name="java.vm.version" value="11.0.4+11"/>
    <property name="sun.io.unicode.encoding" value="UnicodeBig"/>
    <property name="io.netty.machineId" value="52:1b:22:45:30:a4:2b:e7"/>
    <property name="java.class.version" value="55.0"/>
    <property name="socksNonProxyHosts" value="local|*.local|169.254/16|*.169.254/16"/>
  </properties>
  <testcase name="testHelloEndpoint" classname="org.acme.rest.GreetingResourceTest" time="1.197">
    <system-out><![CDATA[2020-10-15 15:05:17,878 WARN  [io.qua.config] (main) Unrecognized configuration key "quarkus.kubernetes.deploy" was provided; it will be ignored; verify that the dependency extension for this configuration is set or you did not make a typo
2020-10-15 15:05:18,293 INFO  [io.quarkus] (main) Quarkus 1.9.0.CR1 on JVM started in 1.500s. Listening on: http://0.0.0.0:8081
2020-10-15 15:05:18,293 INFO  [io.quarkus] (main) Profile test activated. 
2020-10-15 15:05:18,293 INFO  [io.quarkus] (main) Installed features: [cdi, kubernetes, kubernetes-client, resteasy]
]]></system-out>
  </testcase>
</testsuite>